2020-07-10 11:39:57.657  INFO 11093 --- [main] cc.yyf.book.BookApplication              : Starting BookApplication on xzwb with PID 11093 (/home/xzwb/BuyBook/target/classes started by xzwb in /home/xzwb/BuyBook)
2020-07-10 11:39:57.662  INFO 11093 --- [main] cc.yyf.book.BookApplication              : No active profile set, falling back to default profiles: default
2020-07-10 11:39:59.394  INFO 11093 --- [main] .s.d.r.c.RepositoryConfigurationDelegate : Multiple Spring Data modules found, entering strict repository configuration mode!
2020-07-10 11:39:59.396  INFO 11093 --- [main] .s.d.r.c.RepositoryConfigurationDelegate : Bootstrapping Spring Data Elasticsearch repositories in DEFAULT mode.
2020-07-10 11:39:59.408  INFO 11093 --- [main] .s.d.r.c.RepositoryConfigurationDelegate : Finished Spring Data repository scanning in 8ms. Found 0 Elasticsearch repository interfaces.
2020-07-10 11:39:59.411  INFO 11093 --- [main] .s.d.r.c.RepositoryConfigurationDelegate : Multiple Spring Data modules found, entering strict repository configuration mode!
2020-07-10 11:39:59.411  INFO 11093 --- [main] .s.d.r.c.RepositoryConfigurationDelegate : Bootstrapping Spring Data Reactive Elasticsearch repositories in DEFAULT mode.
2020-07-10 11:39:59.414  INFO 11093 --- [main] .s.d.r.c.RepositoryConfigurationDelegate : Finished Spring Data repository scanning in 2ms. Found 0 Reactive Elasticsearch repository interfaces.
2020-07-10 11:39:59.462  INFO 11093 --- [main] .s.d.r.c.RepositoryConfigurationDelegate : Multiple Spring Data modules found, entering strict repository configuration mode!
2020-07-10 11:39:59.463  INFO 11093 --- [main] .s.d.r.c.RepositoryConfigurationDelegate : Bootstrapping Spring Data JDBC repositories in DEFAULT mode.
2020-07-10 11:39:59.465  INFO 11093 --- [main] .s.d.r.c.RepositoryConfigurationDelegate : Finished Spring Data repository scanning in 2ms. Found 0 JDBC repository interfaces.
2020-07-10 11:39:59.478  INFO 11093 --- [main] .s.d.r.c.RepositoryConfigurationDelegate : Multiple Spring Data modules found, entering strict repository configuration mode!
2020-07-10 11:39:59.482  INFO 11093 --- [main] .s.d.r.c.RepositoryConfigurationDelegate : Bootstrapping Spring Data Redis repositories in DEFAULT mode.
2020-07-10 11:39:59.491  INFO 11093 --- [main] .s.d.r.c.RepositoryConfigurationDelegate : Finished Spring Data repository scanning in 1ms. Found 0 Redis repository interfaces.
2020-07-10 11:40:00.144  INFO 11093 --- [main] o.s.b.w.embedded.tomcat.TomcatWebServer  : Tomcat initialized with port(s): 8081 (http)
2020-07-10 11:40:00.154  INFO 11093 --- [main] o.apache.catalina.core.StandardService   : Starting service [Tomcat]
2020-07-10 11:40:00.155  INFO 11093 --- [main] org.apache.catalina.core.StandardEngine  : Starting Servlet engine: [Apache Tomcat/9.0.34]
2020-07-10 11:40:00.278  INFO 11093 --- [main] o.a.c.c.C.[Tomcat].[localhost].[/]       : Initializing Spring embedded WebApplicationContext
2020-07-10 11:40:00.279  INFO 11093 --- [main] o.s.web.context.ContextLoader            : Root WebApplicationContext: initialization completed in 2485 ms
2020-07-10 11:40:01.480  INFO 11093 --- [main] org.quartz.impl.StdSchedulerFactory      : Using default implementation for ThreadExecutor
2020-07-10 11:40:01.493  INFO 11093 --- [main] org.quartz.core.SchedulerSignalerImpl    : Initialized Scheduler Signaller of type: class org.quartz.core.SchedulerSignalerImpl
2020-07-10 11:40:01.493  INFO 11093 --- [main] org.quartz.core.QuartzScheduler          : Quartz Scheduler v.2.3.2 created.
2020-07-10 11:40:01.493  INFO 11093 --- [main] org.quartz.simpl.RAMJobStore             : RAMJobStore initialized.
2020-07-10 11:40:01.494  INFO 11093 --- [main] org.quartz.core.QuartzScheduler          : Scheduler meta-data: Quartz Scheduler (v2.3.2) 'schedulerFactoryBean' with instanceId 'NON_CLUSTERED'
  Scheduler class: 'org.quartz.core.QuartzScheduler' - running locally.
  NOT STARTED.
  Currently in standby mode.
  Number of jobs executed: 0
  Using thread pool 'org.quartz.simpl.SimpleThreadPool' - with 10 threads.
  Using job-store 'org.quartz.simpl.RAMJobStore' - which does not support persistence. and is not clustered.

2020-07-10 11:40:01.494  INFO 11093 --- [main] org.quartz.impl.StdSchedulerFactory      : Quartz scheduler 'schedulerFactoryBean' initialized from an externally provided properties instance.
2020-07-10 11:40:01.494  INFO 11093 --- [main] org.quartz.impl.StdSchedulerFactory      : Quartz scheduler version: 2.3.2
2020-07-10 11:40:01.495  INFO 11093 --- [main] org.quartz.core.QuartzScheduler          : JobFactory set to: cc.yyf.book.config.MyAdaptableJobFactory@708eb310
2020-07-10 11:40:02.538  INFO 11093 --- [main] o.s.s.c.ThreadPoolTaskScheduler          : Initializing ExecutorService 'taskScheduler'
2020-07-10 11:40:02.601  INFO 11093 --- [main] o.s.s.quartz.SchedulerFactoryBean        : Starting Quartz Scheduler now
2020-07-10 11:40:02.601  INFO 11093 --- [main] org.quartz.core.QuartzScheduler          : Scheduler schedulerFactoryBean_$_NON_CLUSTERED started.
2020-07-10 11:40:02.602  INFO 11093 --- [main] o.s.a.r.c.CachingConnectionFactory       : Attempting to connect to: [localhost:5672]
2020-07-10 11:40:02.633  INFO 11093 --- [main] o.s.a.r.c.CachingConnectionFactory       : Created new connection: rabbitConnectionFactory#51f68849:0/SimpleConnection@347b370c [delegate=amqp://xzwb@127.0.0.1:5672//vhost_mmr, localPort= 38638]
2020-07-10 11:40:02.731  INFO 11093 --- [main] o.s.b.w.embedded.tomcat.TomcatWebServer  : Tomcat started on port(s): 8081 (http) with context path ''
2020-07-10 11:40:02.740  INFO 11093 --- [main] cc.yyf.book.BookApplication              : Started BookApplication in 5.796 seconds (JVM running for 6.977)
2020-07-10 11:40:07.106  INFO 11093 --- [http-nio-8081-exec-2] o.a.c.c.C.[Tomcat].[localhost].[/]       : Initializing Spring DispatcherServlet 'dispatcherServlet'
2020-07-10 11:40:07.109  INFO 11093 --- [http-nio-8081-exec-2] o.s.web.servlet.DispatcherServlet        : Initializing Servlet 'dispatcherServlet'
2020-07-10 11:40:07.138  INFO 11093 --- [http-nio-8081-exec-2] o.s.web.servlet.DispatcherServlet        : Completed initialization in 26 ms
2020-07-10 11:40:08.593  INFO 11093 --- [org.springframework.amqp.rabbit.RabbitListenerEndpointContainer#0-1] io.lettuce.core.EpollProvider            : Starting without optional epoll library
2020-07-10 11:40:08.604  INFO 11093 --- [org.springframework.amqp.rabbit.RabbitListenerEndpointContainer#0-1] io.lettuce.core.KqueueProvider           : Starting without optional kqueue library
2020-07-10 11:45:59.633  INFO 11093 --- [SpringContextShutdownHook] org.quartz.core.QuartzScheduler          : Scheduler schedulerFactoryBean_$_NON_CLUSTERED paused.
2020-07-10 11:45:59.638  INFO 11093 --- [SpringContextShutdownHook] o.s.a.r.l.SimpleMessageListenerContainer : Waiting for workers to finish.
2020-07-10 11:46:00.001  INFO 11093 --- [SpringContextShutdownHook] o.s.a.r.l.SimpleMessageListenerContainer : Successfully waited for workers to finish.
2020-07-10 11:46:00.004  INFO 11093 --- [SpringContextShutdownHook] o.s.a.r.l.SimpleMessageListenerContainer : Waiting for workers to finish.
2020-07-10 11:46:00.739  INFO 11093 --- [SpringContextShutdownHook] o.s.a.r.l.SimpleMessageListenerContainer : Successfully waited for workers to finish.
2020-07-10 11:46:00.746  INFO 11093 --- [SpringContextShutdownHook] o.s.s.c.ThreadPoolTaskScheduler          : Shutting down ExecutorService 'taskScheduler'
2020-07-10 11:46:00.753  INFO 11093 --- [SpringContextShutdownHook] o.s.a.r.l.SimpleMessageListenerContainer : Shutdown ignored - container is not active already
2020-07-10 11:46:00.754  INFO 11093 --- [SpringContextShutdownHook] o.s.a.r.l.SimpleMessageListenerContainer : Shutdown ignored - container is not active already
2020-07-10 11:46:00.754  INFO 11093 --- [SpringContextShutdownHook] o.s.s.quartz.SchedulerFactoryBean        : Shutting down Quartz Scheduler
2020-07-10 11:46:00.755  INFO 11093 --- [SpringContextShutdownHook] org.quartz.core.QuartzScheduler          : Scheduler schedulerFactoryBean_$_NON_CLUSTERED shutting down.
2020-07-10 11:46:00.755  INFO 11093 --- [SpringContextShutdownHook] org.quartz.core.QuartzScheduler          : Scheduler schedulerFactoryBean_$_NON_CLUSTERED paused.
2020-07-10 11:46:00.756  INFO 11093 --- [SpringContextShutdownHook] org.quartz.core.QuartzScheduler          : Scheduler schedulerFactoryBean_$_NON_CLUSTERED shutdown complete.
2020-07-10 11:46:15.597  INFO 11556 --- [main] cc.yyf.book.BookApplication              : Starting BookApplication on xzwb with PID 11556 (/home/xzwb/BuyBook/target/classes started by xzwb in /home/xzwb/BuyBook)
2020-07-10 11:46:15.599  INFO 11556 --- [main] cc.yyf.book.BookApplication              : No active profile set, falling back to default profiles: default
2020-07-10 11:46:16.246  INFO 11556 --- [main] .s.d.r.c.RepositoryConfigurationDelegate : Multiple Spring Data modules found, entering strict repository configuration mode!
2020-07-10 11:46:16.247  INFO 11556 --- [main] .s.d.r.c.RepositoryConfigurationDelegate : Bootstrapping Spring Data Elasticsearch repositories in DEFAULT mode.
2020-07-10 11:46:16.259  INFO 11556 --- [main] .s.d.r.c.RepositoryConfigurationDelegate : Finished Spring Data repository scanning in 8ms. Found 0 Elasticsearch repository interfaces.
2020-07-10 11:46:16.262  INFO 11556 --- [main] .s.d.r.c.RepositoryConfigurationDelegate : Multiple Spring Data modules found, entering strict repository configuration mode!
2020-07-10 11:46:16.263  INFO 11556 --- [main] .s.d.r.c.RepositoryConfigurationDelegate : Bootstrapping Spring Data Reactive Elasticsearch repositories in DEFAULT mode.
2020-07-10 11:46:16.266  INFO 11556 --- [main] .s.d.r.c.RepositoryConfigurationDelegate : Finished Spring Data repository scanning in 2ms. Found 0 Reactive Elasticsearch repository interfaces.
2020-07-10 11:46:16.298  INFO 11556 --- [main] .s.d.r.c.RepositoryConfigurationDelegate : Multiple Spring Data modules found, entering strict repository configuration mode!
2020-07-10 11:46:16.298  INFO 11556 --- [main] .s.d.r.c.RepositoryConfigurationDelegate : Bootstrapping Spring Data JDBC repositories in DEFAULT mode.
2020-07-10 11:46:16.301  INFO 11556 --- [main] .s.d.r.c.RepositoryConfigurationDelegate : Finished Spring Data repository scanning in 2ms. Found 0 JDBC repository interfaces.
2020-07-10 11:46:16.317  INFO 11556 --- [main] .s.d.r.c.RepositoryConfigurationDelegate : Multiple Spring Data modules found, entering strict repository configuration mode!
2020-07-10 11:46:16.318  INFO 11556 --- [main] .s.d.r.c.RepositoryConfigurationDelegate : Bootstrapping Spring Data Redis repositories in DEFAULT mode.
2020-07-10 11:46:16.329  INFO 11556 --- [main] .s.d.r.c.RepositoryConfigurationDelegate : Finished Spring Data repository scanning in 2ms. Found 0 Redis repository interfaces.
2020-07-10 11:46:16.697  INFO 11556 --- [main] o.s.b.w.embedded.tomcat.TomcatWebServer  : Tomcat initialized with port(s): 8081 (http)
2020-07-10 11:46:16.703  INFO 11556 --- [main] o.apache.catalina.core.StandardService   : Starting service [Tomcat]
2020-07-10 11:46:16.703  INFO 11556 --- [main] org.apache.catalina.core.StandardEngine  : Starting Servlet engine: [Apache Tomcat/9.0.34]
2020-07-10 11:46:16.754  INFO 11556 --- [main] o.a.c.c.C.[Tomcat].[localhost].[/]       : Initializing Spring embedded WebApplicationContext
2020-07-10 11:46:16.754  INFO 11556 --- [main] o.s.web.context.ContextLoader            : Root WebApplicationContext: initialization completed in 1112 ms
2020-07-10 11:46:17.420  INFO 11556 --- [main] org.quartz.impl.StdSchedulerFactory      : Using default implementation for ThreadExecutor
2020-07-10 11:46:17.427  INFO 11556 --- [main] org.quartz.core.SchedulerSignalerImpl    : Initialized Scheduler Signaller of type: class org.quartz.core.SchedulerSignalerImpl
2020-07-10 11:46:17.427  INFO 11556 --- [main] org.quartz.core.QuartzScheduler          : Quartz Scheduler v.2.3.2 created.
2020-07-10 11:46:17.428  INFO 11556 --- [main] org.quartz.simpl.RAMJobStore             : RAMJobStore initialized.
2020-07-10 11:46:17.428  INFO 11556 --- [main] org.quartz.core.QuartzScheduler          : Scheduler meta-data: Quartz Scheduler (v2.3.2) 'schedulerFactoryBean' with instanceId 'NON_CLUSTERED'
  Scheduler class: 'org.quartz.core.QuartzScheduler' - running locally.
  NOT STARTED.
  Currently in standby mode.
  Number of jobs executed: 0
  Using thread pool 'org.quartz.simpl.SimpleThreadPool' - with 10 threads.
  Using job-store 'org.quartz.simpl.RAMJobStore' - which does not support persistence. and is not clustered.

2020-07-10 11:46:17.429  INFO 11556 --- [main] org.quartz.impl.StdSchedulerFactory      : Quartz scheduler 'schedulerFactoryBean' initialized from an externally provided properties instance.
2020-07-10 11:46:17.429  INFO 11556 --- [main] org.quartz.impl.StdSchedulerFactory      : Quartz scheduler version: 2.3.2
2020-07-10 11:46:17.429  INFO 11556 --- [main] org.quartz.core.QuartzScheduler          : JobFactory set to: cc.yyf.book.config.MyAdaptableJobFactory@228bda54
2020-07-10 11:46:17.774  INFO 11556 --- [main] o.s.s.c.ThreadPoolTaskScheduler          : Initializing ExecutorService 'taskScheduler'
2020-07-10 11:46:17.836  INFO 11556 --- [main] o.s.s.quartz.SchedulerFactoryBean        : Starting Quartz Scheduler now
2020-07-10 11:46:17.836  INFO 11556 --- [main] org.quartz.core.QuartzScheduler          : Scheduler schedulerFactoryBean_$_NON_CLUSTERED started.
2020-07-10 11:46:17.838  INFO 11556 --- [main] o.s.a.r.c.CachingConnectionFactory       : Attempting to connect to: [localhost:5672]
2020-07-10 11:46:17.860  INFO 11556 --- [main] o.s.a.r.c.CachingConnectionFactory       : Created new connection: rabbitConnectionFactory#4409cae6:0/SimpleConnection@6cd66f6a [delegate=amqp://xzwb@127.0.0.1:5672//vhost_mmr, localPort= 38708]
2020-07-10 11:46:17.911  INFO 11556 --- [main] o.s.b.w.embedded.tomcat.TomcatWebServer  : Tomcat started on port(s): 8081 (http) with context path ''
2020-07-10 11:46:17.915  INFO 11556 --- [main] cc.yyf.book.BookApplication              : Started BookApplication in 2.615 seconds (JVM running for 3.139)
2020-07-10 11:46:34.934  INFO 11556 --- [http-nio-8081-exec-1] o.a.c.c.C.[Tomcat].[localhost].[/]       : Initializing Spring DispatcherServlet 'dispatcherServlet'
2020-07-10 11:46:34.936  INFO 11556 --- [http-nio-8081-exec-1] o.s.web.servlet.DispatcherServlet        : Initializing Servlet 'dispatcherServlet'
2020-07-10 11:46:34.956  INFO 11556 --- [http-nio-8081-exec-1] o.s.web.servlet.DispatcherServlet        : Completed initialization in 19 ms
2020-07-10 11:46:35.302  INFO 11556 --- [http-nio-8081-exec-1] io.lettuce.core.EpollProvider            : Starting without optional epoll library
2020-07-10 11:46:35.306  INFO 11556 --- [http-nio-8081-exec-1] io.lettuce.core.KqueueProvider           : Starting without optional kqueue library
2020-07-10 11:47:05.702  INFO 11556 --- [http-nio-8081-exec-4] com.zaxxer.hikari.HikariDataSource       : HikariPool-1 - Starting...
2020-07-10 11:47:06.058  INFO 11556 --- [http-nio-8081-exec-4] com.zaxxer.hikari.HikariDataSource       : HikariPool-1 - Start completed.
2020-07-10 11:48:47.206  INFO 11556 --- [SpringContextShutdownHook] org.quartz.core.QuartzScheduler          : Scheduler schedulerFactoryBean_$_NON_CLUSTERED paused.
2020-07-10 11:48:47.210  INFO 11556 --- [SpringContextShutdownHook] o.s.a.r.l.SimpleMessageListenerContainer : Waiting for workers to finish.
2020-07-10 11:48:47.680  INFO 11556 --- [SpringContextShutdownHook] o.s.a.r.l.SimpleMessageListenerContainer : Successfully waited for workers to finish.
2020-07-10 11:48:47.681  INFO 11556 --- [SpringContextShutdownHook] o.s.a.r.l.SimpleMessageListenerContainer : Waiting for workers to finish.
2020-07-10 11:48:47.923  INFO 11556 --- [SpringContextShutdownHook] o.s.a.r.l.SimpleMessageListenerContainer : Successfully waited for workers to finish.
2020-07-10 11:48:47.930  INFO 11556 --- [SpringContextShutdownHook] o.s.s.c.ThreadPoolTaskScheduler          : Shutting down ExecutorService 'taskScheduler'
2020-07-10 11:48:47.938  INFO 11556 --- [SpringContextShutdownHook] o.s.a.r.l.SimpleMessageListenerContainer : Shutdown ignored - container is not active already
2020-07-10 11:48:47.938  INFO 11556 --- [SpringContextShutdownHook] o.s.a.r.l.SimpleMessageListenerContainer : Shutdown ignored - container is not active already
2020-07-10 11:48:47.939  INFO 11556 --- [SpringContextShutdownHook] o.s.s.quartz.SchedulerFactoryBean        : Shutting down Quartz Scheduler
2020-07-10 11:48:47.939  INFO 11556 --- [SpringContextShutdownHook] org.quartz.core.QuartzScheduler          : Scheduler schedulerFactoryBean_$_NON_CLUSTERED shutting down.
2020-07-10 11:48:47.939  INFO 11556 --- [SpringContextShutdownHook] org.quartz.core.QuartzScheduler          : Scheduler schedulerFactoryBean_$_NON_CLUSTERED paused.
2020-07-10 11:48:47.940  INFO 11556 --- [SpringContextShutdownHook] org.quartz.core.QuartzScheduler          : Scheduler schedulerFactoryBean_$_NON_CLUSTERED shutdown complete.
2020-07-10 11:48:47.955  INFO 11556 --- [SpringContextShutdownHook] com.zaxxer.hikari.HikariDataSource       : HikariPool-1 - Shutdown initiated...
2020-07-10 11:48:47.984  INFO 11556 --- [SpringContextShutdownHook] com.zaxxer.hikari.HikariDataSource       : HikariPool-1 - Shutdown completed.
2020-07-10 11:48:52.817  INFO 11876 --- [main] cc.yyf.book.BookApplication              : Starting BookApplication on xzwb with PID 11876 (/home/xzwb/BuyBook/target/classes started by xzwb in /home/xzwb/BuyBook)
2020-07-10 11:48:52.820  INFO 11876 --- [main] cc.yyf.book.BookApplication              : No active profile set, falling back to default profiles: default
2020-07-10 11:48:53.449  INFO 11876 --- [main] .s.d.r.c.RepositoryConfigurationDelegate : Multiple Spring Data modules found, entering strict repository configuration mode!
2020-07-10 11:48:53.450  INFO 11876 --- [main] .s.d.r.c.RepositoryConfigurationDelegate : Bootstrapping Spring Data Elasticsearch repositories in DEFAULT mode.
2020-07-10 11:48:53.460  INFO 11876 --- [main] .s.d.r.c.RepositoryConfigurationDelegate : Finished Spring Data repository scanning in 7ms. Found 0 Elasticsearch repository interfaces.
2020-07-10 11:48:53.463  INFO 11876 --- [main] .s.d.r.c.RepositoryConfigurationDelegate : Multiple Spring Data modules found, entering strict repository configuration mode!
2020-07-10 11:48:53.464  INFO 11876 --- [main] .s.d.r.c.RepositoryConfigurationDelegate : Bootstrapping Spring Data Reactive Elasticsearch repositories in DEFAULT mode.
2020-07-10 11:48:53.467  INFO 11876 --- [main] .s.d.r.c.RepositoryConfigurationDelegate : Finished Spring Data repository scanning in 3ms. Found 0 Reactive Elasticsearch repository interfaces.
2020-07-10 11:48:53.481  INFO 11876 --- [main] .s.d.r.c.RepositoryConfigurationDelegate : Multiple Spring Data modules found, entering strict repository configuration mode!
2020-07-10 11:48:53.482  INFO 11876 --- [main] .s.d.r.c.RepositoryConfigurationDelegate : Bootstrapping Spring Data JDBC repositories in DEFAULT mode.
2020-07-10 11:48:53.484  INFO 11876 --- [main] .s.d.r.c.RepositoryConfigurationDelegate : Finished Spring Data repository scanning in 2ms. Found 0 JDBC repository interfaces.
2020-07-10 11:48:53.492  INFO 11876 --- [main] .s.d.r.c.RepositoryConfigurationDelegate : Multiple Spring Data modules found, entering strict repository configuration mode!
2020-07-10 11:48:53.493  INFO 11876 --- [main] .s.d.r.c.RepositoryConfigurationDelegate : Bootstrapping Spring Data Redis repositories in DEFAULT mode.
2020-07-10 11:48:53.499  INFO 11876 --- [main] .s.d.r.c.RepositoryConfigurationDelegate : Finished Spring Data repository scanning in 2ms. Found 0 Redis repository interfaces.
2020-07-10 11:48:53.896  INFO 11876 --- [main] o.s.b.w.embedded.tomcat.TomcatWebServer  : Tomcat initialized with port(s): 8081 (http)
2020-07-10 11:48:53.902  INFO 11876 --- [main] o.apache.catalina.core.StandardService   : Starting service [Tomcat]
2020-07-10 11:48:53.903  INFO 11876 --- [main] org.apache.catalina.core.StandardEngine  : Starting Servlet engine: [Apache Tomcat/9.0.34]
2020-07-10 11:48:53.953  INFO 11876 --- [main] o.a.c.c.C.[Tomcat].[localhost].[/]       : Initializing Spring embedded WebApplicationContext
2020-07-10 11:48:53.953  INFO 11876 --- [main] o.s.web.context.ContextLoader            : Root WebApplicationContext: initialization completed in 1080 ms
2020-07-10 11:48:54.575  INFO 11876 --- [main] org.quartz.impl.StdSchedulerFactory      : Using default implementation for ThreadExecutor
2020-07-10 11:48:54.582  INFO 11876 --- [main] org.quartz.core.SchedulerSignalerImpl    : Initialized Scheduler Signaller of type: class org.quartz.core.SchedulerSignalerImpl
2020-07-10 11:48:54.582  INFO 11876 --- [main] org.quartz.core.QuartzScheduler          : Quartz Scheduler v.2.3.2 created.
2020-07-10 11:48:54.583  INFO 11876 --- [main] org.quartz.simpl.RAMJobStore             : RAMJobStore initialized.
2020-07-10 11:48:54.583  INFO 11876 --- [main] org.quartz.core.QuartzScheduler          : Scheduler meta-data: Quartz Scheduler (v2.3.2) 'schedulerFactoryBean' with instanceId 'NON_CLUSTERED'
  Scheduler class: 'org.quartz.core.QuartzScheduler' - running locally.
  NOT STARTED.
  Currently in standby mode.
  Number of jobs executed: 0
  Using thread pool 'org.quartz.simpl.SimpleThreadPool' - with 10 threads.
  Using job-store 'org.quartz.simpl.RAMJobStore' - which does not support persistence. and is not clustered.

2020-07-10 11:48:54.583  INFO 11876 --- [main] org.quartz.impl.StdSchedulerFactory      : Quartz scheduler 'schedulerFactoryBean' initialized from an externally provided properties instance.
2020-07-10 11:48:54.583  INFO 11876 --- [main] org.quartz.impl.StdSchedulerFactory      : Quartz scheduler version: 2.3.2
2020-07-10 11:48:54.583  INFO 11876 --- [main] org.quartz.core.QuartzScheduler          : JobFactory set to: cc.yyf.book.config.MyAdaptableJobFactory@5b20706
2020-07-10 11:48:54.905  INFO 11876 --- [main] o.s.s.c.ThreadPoolTaskScheduler          : Initializing ExecutorService 'taskScheduler'
2020-07-10 11:48:54.967  INFO 11876 --- [main] o.s.s.quartz.SchedulerFactoryBean        : Starting Quartz Scheduler now
2020-07-10 11:48:54.967  INFO 11876 --- [main] org.quartz.core.QuartzScheduler          : Scheduler schedulerFactoryBean_$_NON_CLUSTERED started.
2020-07-10 11:48:54.968  INFO 11876 --- [main] o.s.a.r.c.CachingConnectionFactory       : Attempting to connect to: [localhost:5672]
2020-07-10 11:48:54.989  INFO 11876 --- [main] o.s.a.r.c.CachingConnectionFactory       : Created new connection: rabbitConnectionFactory#37ca3ca8:0/SimpleConnection@1d9af731 [delegate=amqp://xzwb@127.0.0.1:5672//vhost_mmr, localPort= 38762]
2020-07-10 11:48:55.036  INFO 11876 --- [main] o.s.b.w.embedded.tomcat.TomcatWebServer  : Tomcat started on port(s): 8081 (http) with context path ''
2020-07-10 11:48:55.039  INFO 11876 --- [main] cc.yyf.book.BookApplication              : Started BookApplication in 2.512 seconds (JVM running for 3.07)
2020-07-10 11:49:07.381  INFO 11876 --- [http-nio-8081-exec-1] o.a.c.c.C.[Tomcat].[localhost].[/]       : Initializing Spring DispatcherServlet 'dispatcherServlet'
2020-07-10 11:49:07.383  INFO 11876 --- [http-nio-8081-exec-1] o.s.web.servlet.DispatcherServlet        : Initializing Servlet 'dispatcherServlet'
2020-07-10 11:49:07.389  INFO 11876 --- [http-nio-8081-exec-1] o.s.web.servlet.DispatcherServlet        : Completed initialization in 5 ms
2020-07-10 11:49:08.125  INFO 11876 --- [org.springframework.amqp.rabbit.RabbitListenerEndpointContainer#0-1] io.lettuce.core.EpollProvider            : Starting without optional epoll library
2020-07-10 11:49:08.126  INFO 11876 --- [org.springframework.amqp.rabbit.RabbitListenerEndpointContainer#0-1] io.lettuce.core.KqueueProvider           : Starting without optional kqueue library
2020-07-10 11:49:22.315  INFO 11876 --- [http-nio-8081-exec-2] com.zaxxer.hikari.HikariDataSource       : HikariPool-1 - Starting...
2020-07-10 11:49:22.474  INFO 11876 --- [http-nio-8081-exec-2] com.zaxxer.hikari.HikariDataSource       : HikariPool-1 - Start completed.
